<?xml version="1.0" encoding="UTF-8"?>
<!-- Generated by org.testng.reporters.JUnitReportReporter -->
<testsuite skipped="0" hostname="LH7U05CG6504G1N" name="runners.Runners_US970492_IGE_Config_MOOP_Part_A_and_B_Deductible" tests="1" failures="0" timestamp="22 Oct 2018 17:12:38 GMT" time="1142.293" errors="0">
  <testcase name="feature" time="1142.293" classname="runners.Runners_US970492_IGE_Config_MOOP_Part_A_and_B_Deductible"/>
</testsuite> <!-- runners.Runners_US970492_IGE_Config_MOOP_Part_A_and_B_Deductible -->
