<?xml version="1.0" encoding="UTF-8"?>
<!-- Generated by org.testng.reporters.JUnitReportReporter -->
<testsuite skipped="0" hostname="LH7U05CG6504G1N" name="runners.Runners_US1618503_Set_IsMAOnly_Flag" tests="1" failures="0" timestamp="01 Apr 2019 16:57:38 GMT" time="1085.455" errors="0">
  <testcase name="feature" time="1085.455" classname="runners.Runners_US1618503_Set_IsMAOnly_Flag"/>
</testsuite> <!-- runners.Runners_US1618503_Set_IsMAOnly_Flag -->
