<?xml version="1.0" encoding="UTF-8"?>
<!-- Generated by org.testng.reporters.JUnitReportReporter -->
<testsuite skipped="0" hostname="LH7U05CG6504G1N" name="runners.Runners_US950959_Config_FootNoteArray" tests="1" failures="0" timestamp="28 Nov 2018 11:49:27 GMT" time="2192.588" errors="0">
  <testcase name="feature" time="2192.588" classname="runners.Runners_US950959_Config_FootNoteArray"/>
</testsuite> <!-- runners.Runners_US950959_Config_FootNoteArray -->
