<?xml version="1.0" encoding="UTF-8"?>
<!-- Generated by org.testng.reporters.JUnitReportReporter -->
<testsuite skipped="0" hostname="LH7U05CG6272CBT" name="runners.Runner_ConfigurationPages_CreateEdit" tests="1" failures="0" timestamp="26 Oct 2017 14:44:58 GMT" time="288.826" errors="0">
  <testcase name="feature" time="288.826" classname="runners.Runner_ConfigurationPages_CreateEdit"/>
</testsuite> <!-- runners.Runner_ConfigurationPages_CreateEdit -->
