<?xml version="1.0" encoding="UTF-8"?>
<!-- Generated by org.testng.reporters.JUnitReportReporter -->
<testsuite skipped="0" hostname="LH7U05CG6272CBT" name="runners.DefaultSettingsVersion_Runner" tests="1" failures="0" timestamp="03 Oct 2017 06:47:29 GMT" time="131.604" errors="0">
  <testcase name="feature" time="131.604" classname="runners.DefaultSettingsVersion_Runner"/>
</testsuite> <!-- runners.DefaultSettingsVersion_Runner -->
