<?xml version="1.0" encoding="UTF-8"?>
<!-- Generated by org.testng.reporters.JUnitReportReporter -->
<testsuite skipped="0" hostname="LH7U05CG6504G1N" name="runners.Runners_US972046_US972044_US972040_Group_Demographic" tests="1" failures="0" timestamp="14 Dec 2018 08:27:13 GMT" time="1920.076" errors="0">
  <testcase name="feature" time="1920.076" classname="runners.Runners_US972046_US972044_US972040_Group_Demographic"/>
</testsuite> <!-- runners.Runners_US972046_US972044_US972040_Group_Demographic -->
