<?xml version="1.0" encoding="UTF-8"?>
<!-- Generated by org.testng.reporters.JUnitReportReporter -->
<testsuite skipped="0" hostname="LH7U05CG6504G1N" name="runners.Runners_DE216795_Benefit_Effective_Termination_Date" tests="1" failures="0" timestamp="14 Mar 2019 12:25:12 GMT" time="0.351" errors="0">
  <testcase name="feature" time="0.351" classname="runners.Runners_DE216795_Benefit_Effective_Termination_Date"/>
</testsuite> <!-- runners.Runners_DE216795_Benefit_Effective_Termination_Date -->
