<?xml version="1.0" encoding="UTF-8"?>
<!-- Generated by org.testng.reporters.JUnitReportReporter -->
<testsuite skipped="0" hostname="LH7U05CG6504G1N" name="runners.Runner_US1362508_US1362518_AncillaryRoutineDental" tests="1" failures="0" timestamp="26 Dec 2018 08:51:45 GMT" time="1.589" errors="0">
  <testcase name="feature" time="1.589" classname="runners.Runner_US1362508_US1362518_AncillaryRoutineDental"/>
</testsuite> <!-- runners.Runner_US1362508_US1362518_AncillaryRoutineDental -->
