<?xml version="1.0" encoding="UTF-8"?>
<!-- Generated by org.testng.reporters.JUnitReportReporter -->
<testsuite skipped="0" hostname="LH7U05CG6504G1N" name="runners.Runners_US1381553_CustomContact_Stage_Audit_Table" tests="1" failures="0" timestamp="31 Oct 2018 09:24:45 GMT" time="205.540" errors="0">
  <testcase name="feature" time="205.540" classname="runners.Runners_US1381553_CustomContact_Stage_Audit_Table"/>
</testsuite> <!-- runners.Runners_US1381553_CustomContact_Stage_Audit_Table -->
