<?xml version="1.0" encoding="UTF-8"?>
<!-- Generated by org.testng.reporters.JUnitReportReporter -->
<testsuite skipped="0" hostname="LH7U05CG6504G1N" name="runners.Runners_US999759_Hide_EG_Search_Results_Group_Install" tests="1" failures="0" timestamp="11 Jan 2019 07:19:30 GMT" time="555.439" errors="0">
  <testcase name="feature" time="555.439" classname="runners.Runners_US999759_Hide_EG_Search_Results_Group_Install"/>
</testsuite> <!-- runners.Runners_US999759_Hide_EG_Search_Results_Group_Install -->
