<?xml version="1.0" encoding="UTF-8"?>
<!-- Generated by org.testng.reporters.JUnitReportReporter -->
<testsuite skipped="1" hostname="LH7U05CG6504G1N" name="runners.Runners_US1427948_US1427951_US1427961_IGE_GroupData" tests="1" failures="0" timestamp="07 Dec 2018 13:24:07 GMT" time="0.000" errors="0">
  <testcase name="feature" time="0.000" classname="runners.Runners_US1427948_US1427951_US1427961_IGE_GroupData">
    <skipped/>
  </testcase> <!-- feature -->
</testsuite> <!-- runners.Runners_US1427948_US1427951_US1427961_IGE_GroupData -->
