<?xml version="1.0" encoding="UTF-8"?>
<!-- Generated by org.testng.reporters.JUnitReportReporter -->
<testsuite skipped="0" hostname="LH7U05CG6504G1N" name="runners.Runners_US979664_Rx_Wrap_Promote_Data" tests="1" failures="0" timestamp="19 Nov 2018 10:48:34 GMT" time="767.096" errors="0">
  <testcase name="feature" time="767.096" classname="runners.Runners_US979664_Rx_Wrap_Promote_Data"/>
</testsuite> <!-- runners.Runners_US979664_Rx_Wrap_Promote_Data -->
