<?xml version="1.0" encoding="UTF-8"?>
<!-- Generated by org.testng.reporters.JUnitReportReporter -->
<testsuite skipped="0" hostname="LH7U05CG6422QDC" name="runners.Runners_EDS_IsPremiumRates" tests="1" failures="0" timestamp="12 Jan 2018 12:52:28 GMT" time="228.037" errors="0">
  <testcase name="feature" time="228.037" classname="runners.Runners_EDS_IsPremiumRates"/>
</testsuite> <!-- runners.Runners_EDS_IsPremiumRates -->
