<?xml version="1.0" encoding="UTF-8"?>
<!-- Generated by org.testng.reporters.JUnitReportReporter -->
<testsuite skipped="0" hostname="LH7U05CG6504G1N" name="runners.Runners_US1555671_EDS_Data_ID_Card_Name" tests="1" failures="0" timestamp="12 Mar 2019 11:45:06 GMT" time="1422.032" errors="0">
  <testcase name="feature" time="1422.032" classname="runners.Runners_US1555671_EDS_Data_ID_Card_Name"/>
</testsuite> <!-- runners.Runners_US1555671_EDS_Data_ID_Card_Name -->
