<?xml version="1.0" encoding="UTF-8"?>
<!-- Generated by org.testng.reporters.JUnitReportReporter -->
<testsuite skipped="0" hostname="LH7U05CG6504G1N" name="runners.Runner_US1362620_US1362620_Demographic_Customized_Secondary" tests="1" failures="0" timestamp="10 Nov 2018 11:44:08 GMT" time="0.435" errors="0">
  <testcase name="feature" time="0.435" classname="runners.Runner_US1362620_US1362620_Demographic_Customized_Secondary"/>
</testsuite> <!-- runners.Runner_US1362620_US1362620_Demographic_Customized_Secondary -->
