<?xml version="1.0" encoding="UTF-8"?>
<!-- Generated by org.testng.reporters.JUnitReportReporter -->
<testsuite skipped="0" hostname="LH7U05CG6272CBT" name="runners.Runner_DefaultSettingsVersion" tests="1" failures="0" timestamp="11 Oct 2017 14:11:53 GMT" time="120.402" errors="0">
  <testcase name="feature" time="120.402" classname="runners.Runner_DefaultSettingsVersion"/>
</testsuite> <!-- runners.Runner_DefaultSettingsVersion -->
