<?xml version="1.0" encoding="UTF-8"?>
<!-- Generated by org.testng.reporters.JUnitReportReporter -->
<testsuite skipped="0" hostname="LH7U05CG6272CBT" name="runners.Runner_VersionControl" tests="1" failures="0" timestamp="17 Oct 2017 12:05:35 GMT" time="0.327" errors="0">
  <testcase name="feature" time="0.327" classname="runners.Runner_VersionControl"/>
</testsuite> <!-- runners.Runner_VersionControl -->
