<?xml version="1.0" encoding="UTF-8"?>
<!-- Generated by org.testng.reporters.JUnitReportReporter -->
<testsuite skipped="0" hostname="LH7U05CG6422QDC" name="runners.Runner_Group_TaxID_Validation" tests="1" failures="0" timestamp="02 Jan 2018 12:58:53 GMT" time="315.429" errors="0">
  <testcase name="feature" time="315.429" classname="runners.Runner_Group_TaxID_Validation"/>
</testsuite> <!-- runners.Runner_Group_TaxID_Validation -->
