<?xml version="1.0" encoding="UTF-8"?>
<!-- Generated by org.testng.reporters.JUnitReportReporter -->
<testsuite skipped="0" hostname="LH7U05CG6504G1N" name="runners.Runners_Regression_MedicalBenefit" tests="1" failures="0" timestamp="10 Oct 2018 11:54:34 GMT" time="471.741" errors="0">
  <testcase name="feature" time="471.741" classname="runners.Runners_Regression_MedicalBenefit"/>
</testsuite> <!-- runners.Runners_Regression_MedicalBenefit -->
