<?xml version="1.0" encoding="UTF-8"?>
<!-- Generated by org.testng.reporters.JUnitReportReporter -->
<testsuite skipped="1" hostname="LH7U05CG6504G1N" name="runners.Runners_EDS_ESRDWaiverApplyFlag" tests="1" failures="0" timestamp="05 Oct 2018 10:29:00 GMT" time="0.001" errors="0">
  <testcase name="feature" time="0.001" classname="runners.Runners_EDS_ESRDWaiverApplyFlag">
    <skipped/>
  </testcase> <!-- feature -->
</testsuite> <!-- runners.Runners_EDS_ESRDWaiverApplyFlag -->
