<?xml version="1.0" encoding="UTF-8"?>
<!-- Generated by org.testng.reporters.JUnitReportReporter -->
<testsuite skipped="0" hostname="LH7U05CG6504G1N" name="runners.Runners_US950873_ProgramData_A" tests="1" failures="0" timestamp="17 Dec 2018 17:43:31 GMT" time="3345.145" errors="0">
  <testcase name="feature" time="3345.145" classname="runners.Runners_US950873_ProgramData_A"/>
</testsuite> <!-- runners.Runners_US950873_ProgramData_A -->
