<?xml version="1.0" encoding="UTF-8"?>
<!-- Generated by org.testng.reporters.JUnitReportReporter -->
<testsuite skipped="0" hostname="LH7U05CG6504G1N" name="runners.Runners_US762093_Config_CustomFields" tests="1" failures="0" timestamp="03 Dec 2018 10:17:38 GMT" time="1470.823" errors="0">
  <testcase name="feature" time="1470.823" classname="runners.Runners_US762093_Config_CustomFields"/>
</testsuite> <!-- runners.Runners_US762093_Config_CustomFields -->
