<?xml version="1.0" encoding="UTF-8"?>
<!-- Generated by org.testng.reporters.JUnitReportReporter -->
<testsuite skipped="0" hostname="LH7U05CG6422QSW" name="runners.Create_Mapping_MappingConfiguration" tests="1" failures="0" timestamp="14 Sep 2017 14:32:19 GMT" time="0.009" errors="0">
  <testcase name="feature" time="0.009" classname="runners.Create_Mapping_MappingConfiguration"/>
</testsuite> <!-- runners.Create_Mapping_MappingConfiguration -->
