<?xml version="1.0" encoding="UTF-8"?>
<!-- Generated by org.testng.reporters.JUnitReportReporter -->
<testsuite skipped="0" hostname="LH7U05CG6422QSW" name="runners.Create_Mapping_MappingConfiguration_Runner" tests="1" failures="0" timestamp="15 Sep 2017 14:15:16 GMT" time="50.331" errors="0">
  <testcase name="feature" time="50.331" classname="runners.Create_Mapping_MappingConfiguration_Runner"/>
</testsuite> <!-- runners.Create_Mapping_MappingConfiguration_Runner -->
